#
# A fatal error has been detected by the Java Runtime Environment:
#
#  EXCEPTION_ACCESS_VIOLATION (0xc0000005) at pc=0x00007ffa21b4e786, pid=22932, tid=720
#
# JRE version: Java(TM) SE Runtime Environment (21.0.5+9) (build 21.0.5+9-LTS-239)
# Java VM: Java HotSpot(TM) 64-Bit Server VM (21.0.5+9-LTS-239, mixed mode, sharing, tiered, compressed oops, compressed class ptrs, g1 gc, windows-amd64)
# Problematic frame:
# C  [nvoglv64.dll+0x151e786]
#
# No core dump will be written. Minidumps are not enabled by default on client versions of Windows
#
# If you would like to submit a bug report, please visit:
#   https://bugreport.java.com/bugreport/crash.jsp
# The crash happened outside the Java Virtual Machine in native code.
# See problematic frame for where to report the bug.
#

---------------  S U M M A R Y ------------

Command Line: -javaagent:C:\Program Files\JetBrains\IntelliJ IDEA Community Edition 2024.3.1.1\lib\idea_rt.jar=59626 -Dfile.encoding=UTF-8 -Dsun.stdout.encoding=UTF-8 -Dsun.stderr.encoding=UTF-8 main.Launcher

Host: Intel(R) Core(TM) i5-10400 CPU @ 2.90GHz, 12 cores, 7G,  Windows 10 , 64 bit Build 19041 (10.0.19041.5915)
Time: Wed Dec 10 14:52:56 2025 Pacific Standard Time elapsed time: 0.972329 seconds (0d 0h 0m 0s)

---------------  T H R E A D  ---------------

Current thread (0x000001b64699f870):  JavaThread "main"             [_thread_in_native, id=720, stack(0x000000842c400000,0x000000842c500000) (1024K)]

Stack: [0x000000842c400000,0x000000842c500000],  sp=0x000000842c4ff3b8,  free space=1020k
Native frames: (J=compiled Java code, j=interpreted, Vv=VM code, C=native code)
C  [nvoglv64.dll+0x151e786]

Java frames: (J=compiled Java code, j=interpreted, Vv=VM code)
j  org.lwjgl.opengl.GL11C.nglDrawElements(IIIJ)V+0
j  org.lwjgl.opengl.GL11C.glDrawElements(IIIJ)V+4
j  org.lwjgl.opengl.GL11.glDrawElements(IIIJ)V+4
j  engine.RenderManager.render(Lentities/Model;)V+24
j  main.RayVox.render()V+56
j  engine.EngineManager.render()V+4
j  engine.EngineManager.run()V+157
j  engine.EngineManager.start()V+13
j  main.Launcher.main([Ljava/lang/String;)V+38
v  ~StubRoutines::call_stub 0x000001b65636100d

siginfo: EXCEPTION_ACCESS_VIOLATION (0xc0000005), reading address 0x0000000000000000


Registers:
RAX=0x000001b6686e0fc4, RBX=0x000001b6686e0fa8, RCX=0x000001b6686e0fc4, RDX=0x0000000000000000
RSP=0x000000842c4ff3b8, RBP=0x0000000000000044, RSI=0x0000000000000006, RDI=0x000001b669a0f080
R8 =0x0000000000000018, R9 =0x0000000000000000, R10=0x00007ffa20630000, R11=0x0000000000000006
R12=0x0000000000000004, R13=0x0000000000001405, R14=0x0000000000000018, R15=0x0000000000000000
RIP=0x00007ffa21b4e786, EFLAGS=0x0000000000010283


Register to memory mapping:

RAX=0x000001b6686e0fc4 points into unknown readable memory: 00 00 00 00
RBX=0x000001b6686e0fa8 points into unknown readable memory: 0x0000000400022006 | 06 20 02 00 04 00 00 00
RCX=0x000001b6686e0fc4 points into unknown readable memory: 00 00 00 00
RDX=0x0 is null
RSP=0x000000842c4ff3b8 is pointing into the stack for thread: 0x000001b64699f870
RBP=0x0000000000000044 is an unknown value
RSI=0x0000000000000006 is an unknown value
RDI=0x000001b669a0f080 points into unknown readable memory: 0x0000000000000000 | 00 00 00 00 00 00 00 00
R8 =0x0000000000000018 is an unknown value
R9 =0x0 is null
R10=0x00007ffa20630000 nvoglv64.dll
R11=0x0000000000000006 is an unknown value
R12=0x0000000000000004 is an unknown value
R13=0x0000000000001405 is an unknown value
R14=0x0000000000000018 is an unknown value
R15=0x0 is null

Top of Stack: (sp=0x000000842c4ff3b8)
0x000000842c4ff3b8:   00007ffa20ba63bd 000000842c4ff4d8
0x000000842c4ff3c8:   00007ffa184957b5 000000842c4ff3f0
0x000000842c4ff3d8:   000001b6563847bf 000000000017555d
0x000000842c4ff3e8:   000001b64699f870 000001b664604818
0x000000842c4ff3f8:   000001b64699f870 000001b656368860
0x000000842c4ff408:   000001b65636ccbc 000001b64699f870
0x000000842c4ff418:   000001b664604818 0000000000000000
0x000000842c4ff428:   000001b656368860 0000000000000110
0x000000842c4ff438:   000001b65636ce4b 000000842c4ff4d8
0x000000842c4ff448:   000000842c4ff500 000000842c4ff518
0x000000842c4ff458:   000001b664604818 000001b600001405
0x000000842c4ff468:   0000000000000000 000001b656368860
0x000000842c4ff478:   00007ffa18738fef 3ff0000000000000
0x000000842c4ff488:   000001b65636cadf 000000842c4ff490
0x000000842c4ff498:   000001b664604818 0000000000000008
0x000000842c4ff4a8:   000001b664610000 0000000000000000
0x000000842c4ff4b8:   00000000897ab700 000001b664604818
0x000000842c4ff4c8:   0000000000000000 000000842c4ff4f8
0x000000842c4ff4d8:   000000842c4ff568 000001b656368860
0x000000842c4ff4e8:   00000000897ab700 000001b65636a3d7
0x000000842c4ff4f8:   0000000000000000 0000000000000000
0x000000842c4ff508:   0000000000001405 0000000000000006
0x000000842c4ff518:   0000000000000004 000000842c4ff520
0x000000842c4ff528:   000001b6646048bc 0000000000000006
0x000000842c4ff538:   000001b664610000 0000000000000000
0x000000842c4ff548:   00000000897ab700 000001b664604900
0x000000842c4ff558:   000000842c4ff4f8 000000842c4ff578
0x000000842c4ff568:   000000842c4ff5e8 000001b656368860
0x000000842c4ff578:   0000000000000000 0000000000000000
0x000000842c4ff588:   0000000000001405 0000000000000006
0x000000842c4ff598:   0000000000000004 000000842c4ff5a0
0x000000842c4ff5a8:   000001b6645a6bc4 0000000000000006 

Instructions: (pc=0x00007ffa21b4e786)
0x00007ffa21b4e686:   4d 02 4d 03 ca 41 ff e1 c3 90 4c 8b 02 8b 4a 08
0x00007ffa21b4e696:   44 0f b7 4a 0c 44 0f b6 52 0e 4c 89 00 89 48 08
0x00007ffa21b4e6a6:   66 44 89 48 0c 44 88 50 0e c3 4c 8b 02 0f b7 4a
0x00007ffa21b4e6b6:   08 44 0f b6 4a 0a 4c 89 00 66 89 48 08 44 88 48
0x00007ffa21b4e6c6:   0a c3 0f b7 0a 66 89 08 c3 90 8b 0a 44 0f b7 42
0x00007ffa21b4e6d6:   04 44 0f b6 4a 06 89 08 66 44 89 40 04 44 88 48
0x00007ffa21b4e6e6:   06 c3 4c 8b 02 8b 4a 08 44 0f b7 4a 0c 4c 89 00
0x00007ffa21b4e6f6:   89 48 08 66 44 89 48 0c c3 0f b7 0a 44 0f b6 42
0x00007ffa21b4e706:   02 66 89 08 44 88 40 02 c3 90 4c 8b 02 8b 4a 08
0x00007ffa21b4e716:   44 0f b6 4a 0c 4c 89 00 89 48 08 44 88 48 0c c3
0x00007ffa21b4e726:   4c 8b 02 0f b7 4a 08 4c 89 00 66 89 48 08 c3 4c
0x00007ffa21b4e736:   8b 02 0f b6 4a 08 4c 89 00 88 48 08 c3 4c 8b 02
0x00007ffa21b4e746:   8b 4a 08 4c 89 00 89 48 08 c3 8b 0a 44 0f b7 42
0x00007ffa21b4e756:   04 89 08 66 44 89 40 04 c3 8b 0a 44 0f b6 42 04
0x00007ffa21b4e766:   89 08 44 88 40 04 c3 48 8b 0a 48 89 08 c3 0f b6
0x00007ffa21b4e776:   0a 88 08 c3 8b 0a 89 08 c3 90 49 83 f8 20 77 17
0x00007ffa21b4e786:   f3 0f 6f 0a f3 42 0f 6f 54 02 f0 f3 0f 7f 09 f3
0x00007ffa21b4e796:   42 0f 7f 54 01 f0 c3 4e 8d 0c 02 48 3b ca 4c 0f
0x00007ffa21b4e7a6:   46 c9 49 3b c9 0f 82 3f 04 00 00 83 3d 78 15 1e
0x00007ffa21b4e7b6:   01 03 0f 82 e2 02 00 00 49 81 f8 00 20 00 00 76
0x00007ffa21b4e7c6:   16 49 81 f8 00 00 18 00 77 0d f6 05 3d bd 2e 01
0x00007ffa21b4e7d6:   02 0f 85 73 fe ff ff c5 fe 6f 02 c4 a1 7e 6f 6c
0x00007ffa21b4e7e6:   02 e0 49 81 f8 00 01 00 00 0f 86 c3 00 00 00 4c
0x00007ffa21b4e7f6:   8b c9 49 83 e1 1f 49 83 e9 20 49 2b c9 49 2b d1
0x00007ffa21b4e806:   4d 03 c1 49 81 f8 00 01 00 00 0f 86 a2 00 00 00
0x00007ffa21b4e816:   49 81 f8 00 00 18 00 0f 87 3d 01 00 00 66 66 66
0x00007ffa21b4e826:   66 66 0f 1f 84 00 00 00 00 00 c5 fe 6f 0a c5 fe
0x00007ffa21b4e836:   6f 52 20 c5 fe 6f 5a 40 c5 fe 6f 62 60 c5 fd 7f
0x00007ffa21b4e846:   09 c5 fd 7f 51 20 c5 fd 7f 59 40 c5 fd 7f 61 60
0x00007ffa21b4e856:   c5 fe 6f 8a 80 00 00 00 c5 fe 6f 92 a0 00 00 00
0x00007ffa21b4e866:   c5 fe 6f 9a c0 00 00 00 c5 fe 6f a2 e0 00 00 00
0x00007ffa21b4e876:   c5 fd 7f 89 80 00 00 00 c5 fd 7f 91 a0 00 00 00 


Stack slot to memory mapping:

stack at sp + 0 slots: 0x00007ffa20ba63bd nvoglv64.dll
stack at sp + 1 slots: 0x000000842c4ff4d8 is pointing into the stack for thread: 0x000001b64699f870
stack at sp + 2 slots: 0x00007ffa184957b5 jvm.dll
stack at sp + 3 slots: 0x000000842c4ff3f0 is pointing into the stack for thread: 0x000001b64699f870
stack at sp + 4 slots: 0x000001b6563847bf is at code_begin+3775 in 
[CodeBlob (0x000001b656383890)]
Framesize: 0
BufferBlob (0x000001b656383890) used for native signature handlers
stack at sp + 5 slots: 0x000000000017555d is an unknown value
stack at sp + 6 slots: 0x000001b64699f870 is a thread
stack at sp + 7 slots: {method} {0x000001b664604820} 'nglDrawElements' '(IIIJ)V' in 'org/lwjgl/opengl/GL11C'


---------------  P R O C E S S  ---------------

Threads class SMR info:
_java_thread_list=0x000001b668590fc0, length=13, elements={
0x000001b64699f870, 0x000001b663769960, 0x000001b66376a770, 0x000001b66376d470,
0x000001b663770250, 0x000001b663771440, 0x000001b663774640, 0x000001b66377e8b0,
0x000001b66377fae0, 0x000001b66373ba80, 0x000001b663a48e50, 0x000001b663a6e6a0,
0x000001b668779960
}

Java Threads: ( => current thread )
=>0x000001b64699f870 JavaThread "main"                              [_thread_in_native, id=720, stack(0x000000842c400000,0x000000842c500000) (1024K)]
  0x000001b663769960 JavaThread "Reference Handler"          daemon [_thread_blocked, id=22264, stack(0x000000842cc00000,0x000000842cd00000) (1024K)]
  0x000001b66376a770 JavaThread "Finalizer"                  daemon [_thread_blocked, id=21372, stack(0x000000842cd00000,0x000000842ce00000) (1024K)]
  0x000001b66376d470 JavaThread "Signal Dispatcher"          daemon [_thread_blocked, id=21512, stack(0x000000842ce00000,0x000000842cf00000) (1024K)]
  0x000001b663770250 JavaThread "Attach Listener"            daemon [_thread_blocked, id=21636, stack(0x000000842cf00000,0x000000842d000000) (1024K)]
  0x000001b663771440 JavaThread "Service Thread"             daemon [_thread_blocked, id=14368, stack(0x000000842d000000,0x000000842d100000) (1024K)]
  0x000001b663774640 JavaThread "Monitor Deflation Thread"   daemon [_thread_blocked, id=20784, stack(0x000000842d100000,0x000000842d200000) (1024K)]
  0x000001b66377e8b0 JavaThread "C2 CompilerThread0"         daemon [_thread_blocked, id=21676, stack(0x000000842d200000,0x000000842d300000) (1024K)]
  0x000001b66377fae0 JavaThread "C1 CompilerThread0"         daemon [_thread_blocked, id=19416, stack(0x000000842d300000,0x000000842d400000) (1024K)]
  0x000001b66373ba80 JavaThread "Common-Cleaner"             daemon [_thread_blocked, id=18932, stack(0x000000842d400000,0x000000842d500000) (1024K)]
  0x000001b663a48e50 JavaThread "Monitor Ctrl-Break"         daemon [_thread_in_native, id=18620, stack(0x000000842d500000,0x000000842d600000) (1024K)]
  0x000001b663a6e6a0 JavaThread "Notification Thread"        daemon [_thread_blocked, id=304, stack(0x000000842d600000,0x000000842d700000) (1024K)]
  0x000001b668779960 JavaThread "C2 CompilerThread1"         daemon [_thread_blocked, id=4192, stack(0x000000842de00000,0x000000842df00000) (1024K)]
Total: 13

Other Threads:
  0x000001b66374c930 VMThread "VM Thread"                           [id=11392, stack(0x000000842cb00000,0x000000842cc00000) (1024K)]
  0x000001b663739e90 WatcherThread "VM Periodic Task Thread"        [id=22804, stack(0x000000842ca00000,0x000000842cb00000) (1024K)]
  0x000001b6469f5b10 WorkerThread "GC Thread#0"                     [id=2716, stack(0x000000842c500000,0x000000842c600000) (1024K)]
  0x000001b646a07940 ConcurrentGCThread "G1 Main Marker"            [id=21408, stack(0x000000842c600000,0x000000842c700000) (1024K)]
  0x000001b646a08be0 WorkerThread "G1 Conc#0"                       [id=18568, stack(0x000000842c700000,0x000000842c800000) (1024K)]
  0x000001b6636085c0 ConcurrentGCThread "G1 Refine#0"               [id=20040, stack(0x000000842c800000,0x000000842c900000) (1024K)]
  0x000001b663608fd0 ConcurrentGCThread "G1 Service"                [id=12660, stack(0x000000842c900000,0x000000842ca00000) (1024K)]
Total: 7

Threads with active compile tasks:
Total: 0

VM state: not at safepoint (normal execution)

VM Mutex/Monitor currently owned by a thread: None

Heap address: 0x0000000082200000, size: 2014 MB, Compressed Oops mode: 32-bit

CDS archive(s) mapped at: [0x000001b600000000-0x000001b600c90000-0x000001b600c90000), size 13172736, SharedBaseAddress: 0x000001b600000000, ArchiveRelocationMode: 1.
Compressed class space mapped at: 0x000001b601000000-0x000001b641000000, reserved size: 1073741824
Narrow klass base: 0x000001b600000000, Narrow klass shift: 0, Narrow klass range: 0x100000000

GC Precious Log:
 CardTable entry size: 512
 Card Set container configuration: InlinePtr #cards 5 size 8 Array Of Cards #cards 12 size 40 Howl #buckets 4 coarsen threshold 1843 Howl Bitmap #cards 512 size 80 coarsen threshold 460 Card regions per heap region 1 cards per card region 2048
 CPUs: 12 total, 12 available
 Memory: 8054M
 Large Page Support: Disabled
 NUMA Support: Disabled
 Compressed Oops: Enabled (32-bit)
 Heap Region Size: 1M
 Heap Min Capacity: 8M
 Heap Initial Capacity: 126M
 Heap Max Capacity: 2014M
 Pre-touch: Disabled
 Parallel Workers: 10
 Concurrent Workers: 3
 Concurrent Refinement Workers: 10
 Periodic GC: Disabled

Heap:
 garbage-first heap   total 129024K, used 8192K [0x0000000082200000, 0x0000000100000000)
  region size 1024K, 10 young (10240K), 0 survivors (0K)
 Metaspace       used 4691K, committed 4864K, reserved 1114112K
  class space    used 263K, committed 320K, reserved 1048576K

Heap Regions: E=young(eden), S=young(survivor), O=old, HS=humongous(starts), HC=humongous(continues), CS=collection set, F=free, TAMS=top-at-mark-start, PB=parsable bottom
|   0|0x0000000082200000, 0x0000000082200000, 0x0000000082300000|  0%| F|  |TAMS 0x0000000082200000| PB 0x0000000082200000| Untracked 
|   1|0x0000000082300000, 0x0000000082300000, 0x0000000082400000|  0%| F|  |TAMS 0x0000000082300000| PB 0x0000000082300000| Untracked 
|   2|0x0000000082400000, 0x0000000082400000, 0x0000000082500000|  0%| F|  |TAMS 0x0000000082400000| PB 0x0000000082400000| Untracked 
|   3|0x0000000082500000, 0x0000000082500000, 0x0000000082600000|  0%| F|  |TAMS 0x0000000082500000| PB 0x0000000082500000| Untracked 
|   4|0x0000000082600000, 0x0000000082600000, 0x0000000082700000|  0%| F|  |TAMS 0x0000000082600000| PB 0x0000000082600000| Untracked 
|   5|0x0000000082700000, 0x0000000082700000, 0x0000000082800000|  0%| F|  |TAMS 0x0000000082700000| PB 0x0000000082700000| Untracked 
|   6|0x0000000082800000, 0x0000000082800000, 0x0000000082900000|  0%| F|  |TAMS 0x0000000082800000| PB 0x0000000082800000| Untracked 
|   7|0x0000000082900000, 0x0000000082900000, 0x0000000082a00000|  0%| F|  |TAMS 0x0000000082900000| PB 0x0000000082900000| Untracked 
|   8|0x0000000082a00000, 0x0000000082a00000, 0x0000000082b00000|  0%| F|  |TAMS 0x0000000082a00000| PB 0x0000000082a00000| Untracked 
|   9|0x0000000082b00000, 0x0000000082b00000, 0x0000000082c00000|  0%| F|  |TAMS 0x0000000082b00000| PB 0x0000000082b00000| Untracked 
|  10|0x0000000082c00000, 0x0000000082c00000, 0x0000000082d00000|  0%| F|  |TAMS 0x0000000082c00000| PB 0x0000000082c00000| Untracked 
|  11|0x0000000082d00000, 0x0000000082d00000, 0x0000000082e00000|  0%| F|  |TAMS 0x0000000082d00000| PB 0x0000000082d00000| Untracked 
|  12|0x0000000082e00000, 0x0000000082e00000, 0x0000000082f00000|  0%| F|  |TAMS 0x0000000082e00000| PB 0x0000000082e00000| Untracked 
|  13|0x0000000082f00000, 0x0000000082f00000, 0x0000000083000000|  0%| F|  |TAMS 0x0000000082f00000| PB 0x0000000082f00000| Untracked 
|  14|0x0000000083000000, 0x0000000083000000, 0x0000000083100000|  0%| F|  |TAMS 0x0000000083000000| PB 0x0000000083000000| Untracked 
|  15|0x0000000083100000, 0x0000000083100000, 0x0000000083200000|  0%| F|  |TAMS 0x0000000083100000| PB 0x0000000083100000| Untracked 
|  16|0x0000000083200000, 0x0000000083200000, 0x0000000083300000|  0%| F|  |TAMS 0x0000000083200000| PB 0x0000000083200000| Untracked 
|  17|0x0000000083300000, 0x0000000083300000, 0x0000000083400000|  0%| F|  |TAMS 0x0000000083300000| PB 0x0000000083300000| Untracked 
|  18|0x0000000083400000, 0x0000000083400000, 0x0000000083500000|  0%| F|  |TAMS 0x0000000083400000| PB 0x0000000083400000| Untracked 
|  19|0x0000000083500000, 0x0000000083500000, 0x0000000083600000|  0%| F|  |TAMS 0x0000000083500000| PB 0x0000000083500000| Untracked 
|  20|0x0000000083600000, 0x0000000083600000, 0x0000000083700000|  0%| F|  |TAMS 0x0000000083600000| PB 0x0000000083600000| Untracked 
|  21|0x0000000083700000, 0x0000000083700000, 0x0000000083800000|  0%| F|  |TAMS 0x0000000083700000| PB 0x0000000083700000| Untracked 
|  22|0x0000000083800000, 0x0000000083800000, 0x0000000083900000|  0%| F|  |TAMS 0x0000000083800000| PB 0x0000000083800000| Untracked 
|  23|0x0000000083900000, 0x0000000083900000, 0x0000000083a00000|  0%| F|  |TAMS 0x0000000083900000| PB 0x0000000083900000| Untracked 
|  24|0x0000000083a00000, 0x0000000083a00000, 0x0000000083b00000|  0%| F|  |TAMS 0x0000000083a00000| PB 0x0000000083a00000| Untracked 
|  25|0x0000000083b00000, 0x0000000083b00000, 0x0000000083c00000|  0%| F|  |TAMS 0x0000000083b00000| PB 0x0000000083b00000| Untracked 
|  26|0x0000000083c00000, 0x0000000083c00000, 0x0000000083d00000|  0%| F|  |TAMS 0x0000000083c00000| PB 0x0000000083c00000| Untracked 
|  27|0x0000000083d00000, 0x0000000083d00000, 0x0000000083e00000|  0%| F|  |TAMS 0x0000000083d00000| PB 0x0000000083d00000| Untracked 
|  28|0x0000000083e00000, 0x0000000083e00000, 0x0000000083f00000|  0%| F|  |TAMS 0x0000000083e00000| PB 0x0000000083e00000| Untracked 
|  29|0x0000000083f00000, 0x0000000083f00000, 0x0000000084000000|  0%| F|  |TAMS 0x0000000083f00000| PB 0x0000000083f00000| Untracked 
|  30|0x0000000084000000, 0x0000000084000000, 0x0000000084100000|  0%| F|  |TAMS 0x0000000084000000| PB 0x0000000084000000| Untracked 
|  31|0x0000000084100000, 0x0000000084100000, 0x0000000084200000|  0%| F|  |TAMS 0x0000000084100000| PB 0x0000000084100000| Untracked 
|  32|0x0000000084200000, 0x0000000084200000, 0x0000000084300000|  0%| F|  |TAMS 0x0000000084200000| PB 0x0000000084200000| Untracked 
|  33|0x0000000084300000, 0x0000000084300000, 0x0000000084400000|  0%| F|  |TAMS 0x0000000084300000| PB 0x0000000084300000| Untracked 
|  34|0x0000000084400000, 0x0000000084400000, 0x0000000084500000|  0%| F|  |TAMS 0x0000000084400000| PB 0x0000000084400000| Untracked 
|  35|0x0000000084500000, 0x0000000084500000, 0x0000000084600000|  0%| F|  |TAMS 0x0000000084500000| PB 0x0000000084500000| Untracked 
|  36|0x0000000084600000, 0x0000000084600000, 0x0000000084700000|  0%| F|  |TAMS 0x0000000084600000| PB 0x0000000084600000| Untracked 
|  37|0x0000000084700000, 0x0000000084700000, 0x0000000084800000|  0%| F|  |TAMS 0x0000000084700000| PB 0x0000000084700000| Untracked 
|  38|0x0000000084800000, 0x0000000084800000, 0x0000000084900000|  0%| F|  |TAMS 0x0000000084800000| PB 0x0000000084800000| Untracked 
|  39|0x0000000084900000, 0x0000000084900000, 0x0000000084a00000|  0%| F|  |TAMS 0x0000000084900000| PB 0x0000000084900000| Untracked 
|  40|0x0000000084a00000, 0x0000000084a00000, 0x0000000084b00000|  0%| F|  |TAMS 0x0000000084a00000| PB 0x0000000084a00000| Untracked 
|  41|0x0000000084b00000, 0x0000000084b00000, 0x0000000084c00000|  0%| F|  |TAMS 0x0000000084b00000| PB 0x0000000084b00000| Untracked 
|  42|0x0000000084c00000, 0x0000000084c00000, 0x0000000084d00000|  0%| F|  |TAMS 0x0000000084c00000| PB 0x0000000084c00000| Untracked 
|  43|0x0000000084d00000, 0x0000000084d00000, 0x0000000084e00000|  0%| F|  |TAMS 0x0000000084d00000| PB 0x0000000084d00000| Untracked 
|  44|0x0000000084e00000, 0x0000000084e00000, 0x0000000084f00000|  0%| F|  |TAMS 0x0000000084e00000| PB 0x0000000084e00000| Untracked 
|  45|0x0000000084f00000, 0x0000000084f00000, 0x0000000085000000|  0%| F|  |TAMS 0x0000000084f00000| PB 0x0000000084f00000| Untracked 
|  46|0x0000000085000000, 0x0000000085000000, 0x0000000085100000|  0%| F|  |TAMS 0x0000000085000000| PB 0x0000000085000000| Untracked 
|  47|0x0000000085100000, 0x0000000085100000, 0x0000000085200000|  0%| F|  |TAMS 0x0000000085100000| PB 0x0000000085100000| Untracked 
|  48|0x0000000085200000, 0x0000000085200000, 0x0000000085300000|  0%| F|  |TAMS 0x0000000085200000| PB 0x0000000085200000| Untracked 
|  49|0x0000000085300000, 0x0000000085300000, 0x0000000085400000|  0%| F|  |TAMS 0x0000000085300000| PB 0x0000000085300000| Untracked 
|  50|0x0000000085400000, 0x0000000085400000, 0x0000000085500000|  0%| F|  |TAMS 0x0000000085400000| PB 0x0000000085400000| Untracked 
|  51|0x0000000085500000, 0x0000000085500000, 0x0000000085600000|  0%| F|  |TAMS 0x0000000085500000| PB 0x0000000085500000| Untracked 
|  52|0x0000000085600000, 0x0000000085600000, 0x0000000085700000|  0%| F|  |TAMS 0x0000000085600000| PB 0x0000000085600000| Untracked 
|  53|0x0000000085700000, 0x0000000085700000, 0x0000000085800000|  0%| F|  |TAMS 0x0000000085700000| PB 0x0000000085700000| Untracked 
|  54|0x0000000085800000, 0x0000000085800000, 0x0000000085900000|  0%| F|  |TAMS 0x0000000085800000| PB 0x0000000085800000| Untracked 
|  55|0x0000000085900000, 0x0000000085900000, 0x0000000085a00000|  0%| F|  |TAMS 0x0000000085900000| PB 0x0000000085900000| Untracked 
|  56|0x0000000085a00000, 0x0000000085a00000, 0x0000000085b00000|  0%| F|  |TAMS 0x0000000085a00000| PB 0x0000000085a00000| Untracked 
|  57|0x0000000085b00000, 0x0000000085b00000, 0x0000000085c00000|  0%| F|  |TAMS 0x0000000085b00000| PB 0x0000000085b00000| Untracked 
|  58|0x0000000085c00000, 0x0000000085c00000, 0x0000000085d00000|  0%| F|  |TAMS 0x0000000085c00000| PB 0x0000000085c00000| Untracked 
|  59|0x0000000085d00000, 0x0000000085d00000, 0x0000000085e00000|  0%| F|  |TAMS 0x0000000085d00000| PB 0x0000000085d00000| Untracked 
|  60|0x0000000085e00000, 0x0000000085e00000, 0x0000000085f00000|  0%| F|  |TAMS 0x0000000085e00000| PB 0x0000000085e00000| Untracked 
|  61|0x0000000085f00000, 0x0000000085f00000, 0x0000000086000000|  0%| F|  |TAMS 0x0000000085f00000| PB 0x0000000085f00000| Untracked 
|  62|0x0000000086000000, 0x0000000086000000, 0x0000000086100000|  0%| F|  |TAMS 0x0000000086000000| PB 0x0000000086000000| Untracked 
|  63|0x0000000086100000, 0x0000000086100000, 0x0000000086200000|  0%| F|  |TAMS 0x0000000086100000| PB 0x0000000086100000| Untracked 
|  64|0x0000000086200000, 0x0000000086200000, 0x0000000086300000|  0%| F|  |TAMS 0x0000000086200000| PB 0x0000000086200000| Untracked 
|  65|0x0000000086300000, 0x0000000086300000, 0x0000000086400000|  0%| F|  |TAMS 0x0000000086300000| PB 0x0000000086300000| Untracked 
|  66|0x0000000086400000, 0x0000000086400000, 0x0000000086500000|  0%| F|  |TAMS 0x0000000086400000| PB 0x0000000086400000| Untracked 
|  67|0x0000000086500000, 0x0000000086500000, 0x0000000086600000|  0%| F|  |TAMS 0x0000000086500000| PB 0x0000000086500000| Untracked 
|  68|0x0000000086600000, 0x0000000086600000, 0x0000000086700000|  0%| F|  |TAMS 0x0000000086600000| PB 0x0000000086600000| Untracked 
|  69|0x0000000086700000, 0x0000000086700000, 0x0000000086800000|  0%| F|  |TAMS 0x0000000086700000| PB 0x0000000086700000| Untracked 
|  70|0x0000000086800000, 0x0000000086800000, 0x0000000086900000|  0%| F|  |TAMS 0x0000000086800000| PB 0x0000000086800000| Untracked 
|  71|0x0000000086900000, 0x0000000086900000, 0x0000000086a00000|  0%| F|  |TAMS 0x0000000086900000| PB 0x0000000086900000| Untracked 
|  72|0x0000000086a00000, 0x0000000086a00000, 0x0000000086b00000|  0%| F|  |TAMS 0x0000000086a00000| PB 0x0000000086a00000| Untracked 
|  73|0x0000000086b00000, 0x0000000086b00000, 0x0000000086c00000|  0%| F|  |TAMS 0x0000000086b00000| PB 0x0000000086b00000| Untracked 
|  74|0x0000000086c00000, 0x0000000086c00000, 0x0000000086d00000|  0%| F|  |TAMS 0x0000000086c00000| PB 0x0000000086c00000| Untracked 
|  75|0x0000000086d00000, 0x0000000086d00000, 0x0000000086e00000|  0%| F|  |TAMS 0x0000000086d00000| PB 0x0000000086d00000| Untracked 
|  76|0x0000000086e00000, 0x0000000086e00000, 0x0000000086f00000|  0%| F|  |TAMS 0x0000000086e00000| PB 0x0000000086e00000| Untracked 
|  77|0x0000000086f00000, 0x0000000086f00000, 0x0000000087000000|  0%| F|  |TAMS 0x0000000086f00000| PB 0x0000000086f00000| Untracked 
|  78|0x0000000087000000, 0x0000000087000000, 0x0000000087100000|  0%| F|  |TAMS 0x0000000087000000| PB 0x0000000087000000| Untracked 
|  79|0x0000000087100000, 0x0000000087100000, 0x0000000087200000|  0%| F|  |TAMS 0x0000000087100000| PB 0x0000000087100000| Untracked 
|  80|0x0000000087200000, 0x0000000087200000, 0x0000000087300000|  0%| F|  |TAMS 0x0000000087200000| PB 0x0000000087200000| Untracked 
|  81|0x0000000087300000, 0x0000000087300000, 0x0000000087400000|  0%| F|  |TAMS 0x0000000087300000| PB 0x0000000087300000| Untracked 
|  82|0x0000000087400000, 0x0000000087400000, 0x0000000087500000|  0%| F|  |TAMS 0x0000000087400000| PB 0x0000000087400000| Untracked 
|  83|0x0000000087500000, 0x0000000087500000, 0x0000000087600000|  0%| F|  |TAMS 0x0000000087500000| PB 0x0000000087500000| Untracked 
|  84|0x0000000087600000, 0x0000000087600000, 0x0000000087700000|  0%| F|  |TAMS 0x0000000087600000| PB 0x0000000087600000| Untracked 
|  85|0x0000000087700000, 0x0000000087700000, 0x0000000087800000|  0%| F|  |TAMS 0x0000000087700000| PB 0x0000000087700000| Untracked 
|  86|0x0000000087800000, 0x0000000087800000, 0x0000000087900000|  0%| F|  |TAMS 0x0000000087800000| PB 0x0000000087800000| Untracked 
|  87|0x0000000087900000, 0x0000000087900000, 0x0000000087a00000|  0%| F|  |TAMS 0x0000000087900000| PB 0x0000000087900000| Untracked 
|  88|0x0000000087a00000, 0x0000000087a00000, 0x0000000087b00000|  0%| F|  |TAMS 0x0000000087a00000| PB 0x0000000087a00000| Untracked 
|  89|0x0000000087b00000, 0x0000000087b00000, 0x0000000087c00000|  0%| F|  |TAMS 0x0000000087b00000| PB 0x0000000087b00000| Untracked 
|  90|0x0000000087c00000, 0x0000000087c00000, 0x0000000087d00000|  0%| F|  |TAMS 0x0000000087c00000| PB 0x0000000087c00000| Untracked 
|  91|0x0000000087d00000, 0x0000000087d00000, 0x0000000087e00000|  0%| F|  |TAMS 0x0000000087d00000| PB 0x0000000087d00000| Untracked 
|  92|0x0000000087e00000, 0x0000000087e00000, 0x0000000087f00000|  0%| F|  |TAMS 0x0000000087e00000| PB 0x0000000087e00000| Untracked 
|  93|0x0000000087f00000, 0x0000000087f00000, 0x0000000088000000|  0%| F|  |TAMS 0x0000000087f00000| PB 0x0000000087f00000| Untracked 
|  94|0x0000000088000000, 0x0000000088000000, 0x0000000088100000|  0%| F|  |TAMS 0x0000000088000000| PB 0x0000000088000000| Untracked 
|  95|0x0000000088100000, 0x0000000088100000, 0x0000000088200000|  0%| F|  |TAMS 0x0000000088100000| PB 0x0000000088100000| Untracked 
|  96|0x0000000088200000, 0x0000000088200000, 0x0000000088300000|  0%| F|  |TAMS 0x0000000088200000| PB 0x0000000088200000| Untracked 
|  97|0x0000000088300000, 0x0000000088300000, 0x0000000088400000|  0%| F|  |TAMS 0x0000000088300000| PB 0x0000000088300000| Untracked 
|  98|0x0000000088400000, 0x0000000088400000, 0x0000000088500000|  0%| F|  |TAMS 0x0000000088400000| PB 0x0000000088400000| Untracked 
|  99|0x0000000088500000, 0x0000000088500000, 0x0000000088600000|  0%| F|  |TAMS 0x0000000088500000| PB 0x0000000088500000| Untracked 
| 100|0x0000000088600000, 0x0000000088600000, 0x0000000088700000|  0%| F|  |TAMS 0x0000000088600000| PB 0x0000000088600000| Untracked 
| 101|0x0000000088700000, 0x0000000088700000, 0x0000000088800000|  0%| F|  |TAMS 0x0000000088700000| PB 0x0000000088700000| Untracked 
| 102|0x0000000088800000, 0x0000000088800000, 0x0000000088900000|  0%| F|  |TAMS 0x0000000088800000| PB 0x0000000088800000| Untracked 
| 103|0x0000000088900000, 0x0000000088900000, 0x0000000088a00000|  0%| F|  |TAMS 0x0000000088900000| PB 0x0000000088900000| Untracked 
| 104|0x0000000088a00000, 0x0000000088a00000, 0x0000000088b00000|  0%| F|  |TAMS 0x0000000088a00000| PB 0x0000000088a00000| Untracked 
| 105|0x0000000088b00000, 0x0000000088b00000, 0x0000000088c00000|  0%| F|  |TAMS 0x0000000088b00000| PB 0x0000000088b00000| Untracked 
| 106|0x0000000088c00000, 0x0000000088c00000, 0x0000000088d00000|  0%| F|  |TAMS 0x0000000088c00000| PB 0x0000000088c00000| Untracked 
| 107|0x0000000088d00000, 0x0000000088d00000, 0x0000000088e00000|  0%| F|  |TAMS 0x0000000088d00000| PB 0x0000000088d00000| Untracked 
| 108|0x0000000088e00000, 0x0000000088e00000, 0x0000000088f00000|  0%| F|  |TAMS 0x0000000088e00000| PB 0x0000000088e00000| Untracked 
| 109|0x0000000088f00000, 0x0000000088f00000, 0x0000000089000000|  0%| F|  |TAMS 0x0000000088f00000| PB 0x0000000088f00000| Untracked 
| 110|0x0000000089000000, 0x0000000089000000, 0x0000000089100000|  0%| F|  |TAMS 0x0000000089000000| PB 0x0000000089000000| Untracked 
| 111|0x0000000089100000, 0x0000000089100000, 0x0000000089200000|  0%| F|  |TAMS 0x0000000089100000| PB 0x0000000089100000| Untracked 
| 112|0x0000000089200000, 0x0000000089200000, 0x0000000089300000|  0%| F|  |TAMS 0x0000000089200000| PB 0x0000000089200000| Untracked 
| 113|0x0000000089300000, 0x0000000089300000, 0x0000000089400000|  0%| F|  |TAMS 0x0000000089300000| PB 0x0000000089300000| Untracked 
| 114|0x0000000089400000, 0x0000000089400000, 0x0000000089500000|  0%| F|  |TAMS 0x0000000089400000| PB 0x0000000089400000| Untracked 
| 115|0x0000000089500000, 0x0000000089500000, 0x0000000089600000|  0%| F|  |TAMS 0x0000000089500000| PB 0x0000000089500000| Untracked 
| 116|0x0000000089600000, 0x00000000896f6a88, 0x0000000089700000| 96%| E|  |TAMS 0x0000000089600000| PB 0x0000000089600000| Complete 
| 117|0x0000000089700000, 0x0000000089800000, 0x0000000089800000|100%| E|CS|TAMS 0x0000000089700000| PB 0x0000000089700000| Complete 
| 118|0x0000000089800000, 0x0000000089900000, 0x0000000089900000|100%| E|  |TAMS 0x0000000089800000| PB 0x0000000089800000| Complete 
| 119|0x0000000089900000, 0x0000000089a00000, 0x0000000089a00000|100%| E|CS|TAMS 0x0000000089900000| PB 0x0000000089900000| Complete 
| 120|0x0000000089a00000, 0x0000000089b00000, 0x0000000089b00000|100%| E|CS|TAMS 0x0000000089a00000| PB 0x0000000089a00000| Complete 
| 121|0x0000000089b00000, 0x0000000089c00000, 0x0000000089c00000|100%| E|CS|TAMS 0x0000000089b00000| PB 0x0000000089b00000| Complete 
| 122|0x0000000089c00000, 0x0000000089d00000, 0x0000000089d00000|100%| E|CS|TAMS 0x0000000089c00000| PB 0x0000000089c00000| Complete 
| 123|0x0000000089d00000, 0x0000000089e00000, 0x0000000089e00000|100%| E|CS|TAMS 0x0000000089d00000| PB 0x0000000089d00000| Complete 
| 124|0x0000000089e00000, 0x0000000089f00000, 0x0000000089f00000|100%| E|CS|TAMS 0x0000000089e00000| PB 0x0000000089e00000| Complete 
| 125|0x0000000089f00000, 0x000000008a000000, 0x000000008a000000|100%| E|CS|TAMS 0x0000000089f00000| PB 0x0000000089f00000| Complete 

Card table byte_map: [0x000001b65e790000,0x000001b65eb80000] _byte_map_base: 0x000001b65e37f000

Marking Bits: (CMBitMap*) 0x000001b6469f6210
 Bits: [0x000001b65eb80000, 0x000001b660af8000)

Polling page: 0x000001b6449b0000

Metaspace:

Usage:
  Non-class:      4.32 MB used.
      Class:    263.30 KB used.
       Both:      4.58 MB used.

Virtual space:
  Non-class space:       64.00 MB reserved,       4.44 MB (  7%) committed,  1 nodes.
      Class space:        1.00 GB reserved,     320.00 KB ( <1%) committed,  1 nodes.
             Both:        1.06 GB reserved,       4.75 MB ( <1%) committed. 

Chunk freelists:
   Non-Class:  9.47 MB
       Class:  15.62 MB
        Both:  25.09 MB

MaxMetaspaceSize: unlimited
CompressedClassSpaceSize: 1.00 GB
Initial GC threshold: 21.00 MB
Current GC threshold: 21.00 MB
CDS: on
 - commit_granule_bytes: 65536.
 - commit_granule_words: 8192.
 - virtual_space_node_default_size: 8388608.
 - enlarge_chunks_in_place: 1.
 - use_allocation_guard: 0.


Internal statistics:

num_allocs_failed_limit: 0.
num_arena_births: 82.
num_arena_deaths: 0.
num_vsnodes_births: 2.
num_vsnodes_deaths: 0.
num_space_committed: 74.
num_space_uncommitted: 0.
num_chunks_returned_to_freelist: 0.
num_chunks_taken_from_freelist: 200.
num_chunk_merges: 0.
num_chunk_splits: 134.
num_chunks_enlarged: 91.
num_inconsistent_stats: 0.

CodeHeap 'non-profiled nmethods': size=120000Kb used=246Kb max_used=246Kb free=119753Kb
 bounds [0x000001b656900000, 0x000001b656b70000, 0x000001b65de30000]
CodeHeap 'profiled nmethods': size=120000Kb used=1085Kb max_used=1085Kb free=118914Kb
 bounds [0x000001b64ee30000, 0x000001b64f0a0000, 0x000001b656360000]
CodeHeap 'non-nmethods': size=5760Kb used=2126Kb max_used=2140Kb free=3633Kb
 bounds [0x000001b656360000, 0x000001b6565d0000, 0x000001b656900000]
 total_blobs=1836 nmethods=746 adapters=995
 compilation: enabled
              stopped_count=0, restarted_count=0
 full_count=0

Compilation events (20 events):
Event: 0.958 Thread 0x000001b66377fae0  737       3       java.lang.StringConcatHelper::initialCoder (14 bytes)
Event: 0.958 Thread 0x000001b66377fae0 nmethod 737 0x000001b64ef3a090 code [0x000001b64ef3a220, 0x000001b64ef3a338]
Event: 0.958 Thread 0x000001b66377e8b0  738       4       java.lang.String::getBytes (44 bytes)
Event: 0.958 Thread 0x000001b66377fae0  739       3       java.lang.String::concat (15 bytes)
Event: 0.959 Thread 0x000001b66377fae0 nmethod 739 0x000001b64ef3a390 code [0x000001b64ef3a6e0, 0x000001b64ef3b9f8]
Event: 0.959 Thread 0x000001b66377fae0  740       3       java.lang.StringConcatHelper::simpleConcat (94 bytes)
Event: 0.959 Thread 0x000001b66377e8b0 nmethod 738 0x000001b65693cb90 code [0x000001b65693cd20, 0x000001b65693ce90]
Event: 0.960 Thread 0x000001b66377fae0 nmethod 740 0x000001b64ef3c090 code [0x000001b64ef3c3c0, 0x000001b64ef3d688]
Event: 0.960 Thread 0x000001b66377fae0  741       3       java.lang.StringConcatHelper::newString (67 bytes)
Event: 0.960 Thread 0x000001b66377fae0 nmethod 741 0x000001b64ef3dd10 code [0x000001b64ef3df80, 0x000001b64ef3e938]
Event: 0.961 Thread 0x000001b66377fae0  742       3       java.util.WeakHashMap::indexFor (6 bytes)
Event: 0.961 Thread 0x000001b66377fae0 nmethod 742 0x000001b64ef3ec90 code [0x000001b64ef3ee20, 0x000001b64ef3ef18]
Event: 0.961 Thread 0x000001b66377fae0  743       1       java.net.URLStreamHandler::getDefaultPort (2 bytes)
Event: 0.961 Thread 0x000001b66377fae0 nmethod 743 0x000001b65693cf90 code [0x000001b65693d120, 0x000001b65693d1e8]
Event: 0.962 Thread 0x000001b66377fae0  745       3       engine.EngineManager::input (10 bytes)
Event: 0.962 Thread 0x000001b66377fae0 nmethod 745 0x000001b64ef3ef90 code [0x000001b64ef3f140, 0x000001b64ef3f2e8]
Event: 0.962 Thread 0x000001b66377fae0  746       3       main.RayVox::input (1 bytes)
Event: 0.962 Thread 0x000001b66377fae0 nmethod 746 0x000001b64ef3f410 code [0x000001b64ef3f5a0, 0x000001b64ef3f6a8]
Event: 0.963 Thread 0x000001b66377e8b0  747       4       engine.EngineManager::input (10 bytes)
Event: 0.963 Thread 0x000001b66377e8b0 nmethod 747 0x000001b65693d690 code [0x000001b65693d820, 0x000001b65693d8e8]

GC Heap History (0 events):
No events

Dll operation events (12 events):
Event: 0.017 Loaded shared library C:\Program Files\Java\jdk-21\bin\java.dll
Event: 0.053 Loaded shared library C:\Program Files\Java\jdk-21\bin\jsvml.dll
Event: 0.091 Loaded shared library C:\Program Files\Java\jdk-21\bin\zip.dll
Event: 0.095 Loaded shared library C:\Program Files\Java\jdk-21\bin\instrument.dll
Event: 0.104 Loaded shared library C:\Program Files\Java\jdk-21\bin\net.dll
Event: 0.110 Loaded shared library C:\Program Files\Java\jdk-21\bin\nio.dll
Event: 0.114 Loaded shared library C:\Program Files\Java\jdk-21\bin\zip.dll
Event: 0.139 Loaded shared library C:\Program Files\Java\jdk-21\bin\extnet.dll
Event: 0.147 Loaded shared library C:\Program Files\Java\jdk-21\bin\verify.dll
Event: 0.192 Loaded shared library C:\Program Files\Java\jdk-21\bin\jimage.dll
Event: 0.217 Loaded shared library C:\Users\jared\AppData\Local\Temp\lwjgl_jared\3.3.3+5\x64\lwjgl.dll
Event: 0.726 Loaded shared library C:\Users\jared\AppData\Local\Temp\lwjgl_jared\3.3.3+5\x64\lwjgl_opengl.dll

Deoptimization events (20 events):
Event: 0.732 Thread 0x000001b64699f870 DEOPT PACKING pc=0x000001b64eec291b sp=0x000000842c4fe590
Event: 0.732 Thread 0x000001b64699f870 DEOPT UNPACKING pc=0x000001b6563b4e42 sp=0x000000842c4fda28 mode 0
Event: 0.732 Thread 0x000001b64699f870 DEOPT PACKING pc=0x000001b64eec291b sp=0x000000842c4fe590
Event: 0.732 Thread 0x000001b64699f870 DEOPT UNPACKING pc=0x000001b6563b4e42 sp=0x000000842c4fda28 mode 0
Event: 0.733 Thread 0x000001b64699f870 DEOPT PACKING pc=0x000001b64eec2af0 sp=0x000000842c4fe590
Event: 0.733 Thread 0x000001b64699f870 DEOPT UNPACKING pc=0x000001b6563b4e42 sp=0x000000842c4fda28 mode 0
Event: 0.733 Thread 0x000001b64699f870 DEOPT PACKING pc=0x000001b64eec2a75 sp=0x000000842c4fe590
Event: 0.733 Thread 0x000001b64699f870 DEOPT UNPACKING pc=0x000001b6563b4e42 sp=0x000000842c4fda28 mode 0
Event: 0.733 Thread 0x000001b64699f870 DEOPT PACKING pc=0x000001b64eec291b sp=0x000000842c4fe590
Event: 0.733 Thread 0x000001b64699f870 DEOPT UNPACKING pc=0x000001b6563b4e42 sp=0x000000842c4fda28 mode 0
Event: 0.733 Thread 0x000001b64699f870 DEOPT PACKING pc=0x000001b64eec291b sp=0x000000842c4fe590
Event: 0.733 Thread 0x000001b64699f870 DEOPT UNPACKING pc=0x000001b6563b4e42 sp=0x000000842c4fda28 mode 0
Event: 0.733 Thread 0x000001b64699f870 DEOPT PACKING pc=0x000001b64eec291b sp=0x000000842c4fe590
Event: 0.733 Thread 0x000001b64699f870 DEOPT UNPACKING pc=0x000001b6563b4e42 sp=0x000000842c4fda28 mode 0
Event: 0.734 Thread 0x000001b64699f870 DEOPT PACKING pc=0x000001b64ee3c1d8 sp=0x000000842c4fde40
Event: 0.734 Thread 0x000001b64699f870 DEOPT UNPACKING pc=0x000001b6563b4e42 sp=0x000000842c4fd2a8 mode 0
Event: 0.841 Thread 0x000001b64699f870 Uncommon trap: trap_request=0xffffff54 fr.pc=0x000001b656938870 relative=0x0000000000000070
Event: 0.841 Thread 0x000001b64699f870 Uncommon trap: reason=speculate_null_assert action=make_not_entrant pc=0x000001b656938870 method=sun.misc.Unsafe.getLong(Ljava/lang/Object;J)J @ 5 c2
Event: 0.841 Thread 0x000001b64699f870 DEOPT PACKING pc=0x000001b656938870 sp=0x000000842c4ff270
Event: 0.841 Thread 0x000001b64699f870 DEOPT UNPACKING pc=0x000001b6563b46a2 sp=0x000000842c4ff1f8 mode 2

Classes loaded (20 events):
Event: 0.258 Loading class sun/misc/Unsafe
Event: 0.258 Loading class sun/misc/Unsafe done
Event: 0.258 Loading class java/lang/invoke/DirectMethodHandle$StaticAccessor
Event: 0.258 Loading class java/lang/invoke/DirectMethodHandle$StaticAccessor done
Event: 0.261 Loading class java/util/function/LongPredicate
Event: 0.261 Loading class java/util/function/LongPredicate done
Event: 0.263 Loading class java/lang/foreign/MemorySegment
Event: 0.263 Loading class java/lang/foreign/MemorySegment done
Event: 0.266 Loading class java/nio/InvalidMarkException
Event: 0.266 Loading class java/nio/InvalidMarkException done
Event: 0.266 Loading class java/nio/BufferUnderflowException
Event: 0.266 Loading class java/nio/BufferUnderflowException done
Event: 0.274 Loading class java/util/Formatter$FixedString
Event: 0.274 Loading class java/util/Formatter$FixedString done
Event: 0.285 Loading class java/lang/NoSuchFieldError
Event: 0.285 Loading class java/lang/NoSuchFieldError done
Event: 0.302 Loading class jdk/internal/reflect/MethodHandleIntegerFieldAccessorImpl
Event: 0.302 Loading class jdk/internal/reflect/MethodHandleIntegerFieldAccessorImpl done
Event: 0.676 Loading class java/lang/invoke/DirectMethodHandle$Special
Event: 0.676 Loading class java/lang/invoke/DirectMethodHandle$Special done

Classes unloaded (0 events):
No events

Classes redefined (0 events):
No events

Internal exceptions (20 events):
Event: 0.187 Thread 0x000001b64699f870 Exception <a 'java/lang/NoSuchMethodError'{0x0000000089a04fa0}: 'void java.lang.invoke.DelegatingMethodHandle$Holder.delegate(java.lang.Object, java.lang.Object, int, java.lang.Object)'> (0x0000000089a04fa0) 
thrown [s\open\src\hotspot\share\interpreter\linkResolver.cpp, line 773]
Event: 0.187 Thread 0x000001b64699f870 Exception <a 'java/lang/NoSuchMethodError'{0x0000000089a08c90}: 'int java.lang.invoke.DirectMethodHandle$Holder.invokeSpecial(java.lang.Object, java.lang.Object, java.lang.Object)'> (0x0000000089a08c90) 
thrown [s\open\src\hotspot\share\interpreter\linkResolver.cpp, line 773]
Event: 0.190 Thread 0x000001b64699f870 Exception <a 'java/lang/NoSuchMethodError'{0x0000000089a21ec0}: 'void java.lang.System.loadLibrary(java.lang.String, java.lang.Class)'> (0x0000000089a21ec0) 
thrown [s\open\src\hotspot\share\interpreter\linkResolver.cpp, line 773]
Event: 0.209 Thread 0x000001b64699f870 Exception <a 'sun/nio/fs/WindowsException'{0x0000000089a4ed70}> (0x0000000089a4ed70) 
thrown [s\open\src\hotspot\share\prims\jni.cpp, line 520]
Event: 0.209 Thread 0x000001b64699f870 Exception <a 'sun/nio/fs/WindowsException'{0x0000000089a4f2c0}> (0x0000000089a4f2c0) 
thrown [s\open\src\hotspot\share\prims\jni.cpp, line 520]
Event: 0.262 Thread 0x000001b64699f870 Exception <a 'java/lang/NoSuchMethodError'{0x0000000089ae0218}: 'int java.lang.invoke.DirectMethodHandle$Holder.invokeStaticInit(java.lang.Object, java.lang.Object, int, long)'> (0x0000000089ae0218) 
thrown [s\open\src\hotspot\share\interpreter\linkResolver.cpp, line 773]
Event: 0.262 Thread 0x000001b64699f870 Exception <a 'java/lang/NoSuchMethodError'{0x0000000089ae5260}: 'java.lang.Object java.lang.invoke.DirectMethodHandle$Holder.newInvokeSpecial(java.lang.Object, java.lang.Object, int)'> (0x0000000089ae5260) 
thrown [s\open\src\hotspot\share\interpreter\linkResolver.cpp, line 773]
Event: 0.264 Thread 0x000001b64699f870 Exception <a 'java/lang/NoSuchMethodError'{0x0000000089af37c0}: 'int java.lang.invoke.DirectMethodHandle$Holder.invokeStaticInit(java.lang.Object, java.lang.Object, long, long)'> (0x0000000089af37c0) 
thrown [s\open\src\hotspot\share\interpreter\linkResolver.cpp, line 773]
Event: 0.264 Thread 0x000001b64699f870 Exception <a 'java/lang/NoSuchMethodError'{0x0000000089af9048}: 'java.lang.Object java.lang.invoke.DirectMethodHandle$Holder.newInvokeSpecial(java.lang.Object, java.lang.Object, long)'> (0x0000000089af9048) 
thrown [s\open\src\hotspot\share\interpreter\linkResolver.cpp, line 773]
Event: 0.265 Thread 0x000001b64699f870 Exception <a 'java/lang/NoSuchMethodError'{0x0000000089afce10}: 'java.lang.Object java.lang.invoke.Invokers$Holder.linkToTargetMethod(java.lang.Object, long, java.lang.Object)'> (0x0000000089afce10) 
thrown [s\open\src\hotspot\share\interpreter\linkResolver.cpp, line 773]
Event: 0.265 Thread 0x000001b64699f870 Exception <a 'java/lang/NoSuchMethodError'{0x0000000089904388}: 'int java.lang.invoke.DirectMethodHandle$Holder.invokeStaticInit(java.lang.Object, java.lang.Object, java.lang.Object, long)'> (0x0000000089904388) 
thrown [s\open\src\hotspot\share\interpreter\linkResolver.cpp, line 773]
Event: 0.284 Thread 0x000001b64699f870 Exception <a 'sun/nio/fs/WindowsException'{0x000000008999ed60}> (0x000000008999ed60) 
thrown [s\open\src\hotspot\share\prims\jni.cpp, line 520]
Event: 0.284 Thread 0x000001b64699f870 Exception <a 'sun/nio/fs/WindowsException'{0x000000008999f0c0}> (0x000000008999f0c0) 
thrown [s\open\src\hotspot\share\prims\jni.cpp, line 520]
Event: 0.302 Thread 0x000001b64699f870 Exception <a 'java/lang/NoSuchMethodError'{0x00000000899b4128}: 'int java.lang.invoke.Invokers$Holder.invokeExact_MT(java.lang.Object, java.lang.Object)'> (0x00000000899b4128) 
thrown [s\open\src\hotspot\share\interpreter\linkResolver.cpp, line 773]
Event: 0.710 Thread 0x000001b64699f870 Exception <a 'java/lang/NoSuchMethodError'{0x0000000089840a30}: 'void java.lang.System.load(java.lang.String, java.lang.Class)'> (0x0000000089840a30) 
thrown [s\open\src\hotspot\share\interpreter\linkResolver.cpp, line 773]
Event: 0.711 Thread 0x000001b64699f870 Exception <a 'java/lang/NoSuchMethodError'{0x00000000898433f0}: 'void java.lang.System.loadLibrary(java.lang.String, java.lang.Class)'> (0x00000000898433f0) 
thrown [s\open\src\hotspot\share\interpreter\linkResolver.cpp, line 773]
Event: 0.715 Thread 0x000001b64699f870 Exception <a 'sun/nio/fs/WindowsException'{0x0000000089851d18}> (0x0000000089851d18) 
thrown [s\open\src\hotspot\share\prims\jni.cpp, line 520]
Event: 0.715 Thread 0x000001b64699f870 Exception <a 'sun/nio/fs/WindowsException'{0x00000000898520b8}> (0x00000000898520b8) 
thrown [s\open\src\hotspot\share\prims\jni.cpp, line 520]
Event: 0.734 Thread 0x000001b64699f870 Exception <a 'sun/nio/fs/WindowsException'{0x000000008985a1b8}> (0x000000008985a1b8) 
thrown [s\open\src\hotspot\share\prims\jni.cpp, line 520]
Event: 0.734 Thread 0x000001b64699f870 Exception <a 'sun/nio/fs/WindowsException'{0x000000008985a488}> (0x000000008985a488) 
thrown [s\open\src\hotspot\share\prims\jni.cpp, line 520]

ZGC Phase Switch (0 events):
No events

VM Operations (0 events):
No events

Events (13 events):
Event: 0.032 Thread 0x000001b64699f870 Thread added: 0x000001b64699f870
Event: 0.044 Thread 0x000001b663769960 Thread added: 0x000001b663769960
Event: 0.044 Thread 0x000001b66376a770 Thread added: 0x000001b66376a770
Event: 0.045 Thread 0x000001b66376d470 Thread added: 0x000001b66376d470
Event: 0.045 Thread 0x000001b663770250 Thread added: 0x000001b663770250
Event: 0.045 Thread 0x000001b663771440 Thread added: 0x000001b663771440
Event: 0.045 Thread 0x000001b663774640 Thread added: 0x000001b663774640
Event: 0.045 Thread 0x000001b66377e8b0 Thread added: 0x000001b66377e8b0
Event: 0.045 Thread 0x000001b66377fae0 Thread added: 0x000001b66377fae0
Event: 0.071 Thread 0x000001b66373ba80 Thread added: 0x000001b66373ba80
Event: 0.131 Thread 0x000001b663a48e50 Thread added: 0x000001b663a48e50
Event: 0.131 Thread 0x000001b663a6e6a0 Thread added: 0x000001b663a6e6a0
Event: 0.741 Thread 0x000001b668779960 Thread added: 0x000001b668779960


Dynamic libraries:
0x00007ff66a200000 - 0x00007ff66a210000 	C:\Program Files\Java\jdk-21\bin\java.exe
0x00007ffae83b0000 - 0x00007ffae85a8000 	C:\windows\SYSTEM32\ntdll.dll
0x00007ffab1100000 - 0x00007ffab1120000 	C:\Program Files\Avast Software\Avast\aswhook.dll
0x00007ffae8050000 - 0x00007ffae8112000 	C:\windows\System32\KERNEL32.DLL
0x00007ffae5e40000 - 0x00007ffae6136000 	C:\windows\System32\KERNELBASE.dll
0x00007ffae5c60000 - 0x00007ffae5d60000 	C:\windows\System32\ucrtbase.dll
0x00007ffaaee00000 - 0x00007ffaaee19000 	C:\Program Files\Java\jdk-21\bin\jli.dll
0x00007ffaaede0000 - 0x00007ffaaedfb000 	C:\Program Files\Java\jdk-21\bin\VCRUNTIME140.dll
0x00007ffae7ec0000 - 0x00007ffae7f71000 	C:\windows\System32\ADVAPI32.dll
0x00007ffae8120000 - 0x00007ffae81be000 	C:\windows\System32\msvcrt.dll
0x00007ffae7620000 - 0x00007ffae76bf000 	C:\windows\System32\sechost.dll
0x00007ffae7750000 - 0x00007ffae7870000 	C:\windows\System32\RPCRT4.dll
0x00007ffae5d60000 - 0x00007ffae5d87000 	C:\windows\System32\bcrypt.dll
0x00007ffae78d0000 - 0x00007ffae7a71000 	C:\windows\System32\USER32.dll
0x00007ffae5ad0000 - 0x00007ffae5af2000 	C:\windows\System32\win32u.dll
0x00007ffae63d0000 - 0x00007ffae63fb000 	C:\windows\System32\GDI32.dll
0x00007ffad8b10000 - 0x00007ffad8dab000 	C:\windows\WinSxS\amd64_microsoft.windows.common-controls_6595b64144ccf1df_6.0.19041.6456_none_60b8a6cb71f64256\COMCTL32.dll
0x00007ffae62b0000 - 0x00007ffae63c9000 	C:\windows\System32\gdi32full.dll
0x00007ffae6140000 - 0x00007ffae61dd000 	C:\windows\System32\msvcp_win.dll
0x00007ffadf670000 - 0x00007ffadf67a000 	C:\windows\SYSTEM32\VERSION.dll
0x00007ffae6540000 - 0x00007ffae656f000 	C:\windows\System32\IMM32.DLL
0x00007ffab5460000 - 0x00007ffab546c000 	C:\Program Files\Java\jdk-21\bin\vcruntime140_1.dll
0x00007ffa74a00000 - 0x00007ffa74a8e000 	C:\Program Files\Java\jdk-21\bin\msvcp140.dll
0x00007ffa180c0000 - 0x00007ffa18dd8000 	C:\Program Files\Java\jdk-21\bin\server\jvm.dll
0x00007ffae73b0000 - 0x00007ffae741b000 	C:\windows\System32\WS2_32.dll
0x00007ffae4fa0000 - 0x00007ffae4feb000 	C:\windows\SYSTEM32\POWRPROF.dll
0x00007ffad4200000 - 0x00007ffad4227000 	C:\windows\SYSTEM32\WINMM.dll
0x00007ffae4e00000 - 0x00007ffae4e12000 	C:\windows\SYSTEM32\UMPDC.dll
0x00007ffae4230000 - 0x00007ffae4242000 	C:\windows\SYSTEM32\kernel.appcore.dll
0x00007ffaafeb0000 - 0x00007ffaafeba000 	C:\Program Files\Java\jdk-21\bin\jimage.dll
0x00007ffadda30000 - 0x00007ffaddc31000 	C:\windows\SYSTEM32\DBGHELP.DLL
0x00007ffaddd30000 - 0x00007ffaddd64000 	C:\windows\SYSTEM32\dbgcore.DLL
0x00007ffae5a40000 - 0x00007ffae5ac2000 	C:\windows\System32\bcryptPrimitives.dll
0x00007ffadfa80000 - 0x00007ffadfa8f000 	C:\Program Files\Java\jdk-21\bin\instrument.dll
0x00007ffaae550000 - 0x00007ffaae56f000 	C:\Program Files\Java\jdk-21\bin\java.dll
0x00007ffae66f0000 - 0x00007ffae6e60000 	C:\windows\System32\SHELL32.dll
0x00007ffae3a70000 - 0x00007ffae4215000 	C:\windows\SYSTEM32\windows.storage.dll
0x00007ffae7b30000 - 0x00007ffae7e84000 	C:\windows\System32\combase.dll
0x00007ffae5470000 - 0x00007ffae549b000 	C:\windows\SYSTEM32\Wldp.dll
0x00007ffae7f80000 - 0x00007ffae804d000 	C:\windows\System32\OLEAUT32.dll
0x00007ffae7420000 - 0x00007ffae74cd000 	C:\windows\System32\SHCORE.dll
0x00007ffae6690000 - 0x00007ffae66eb000 	C:\windows\System32\shlwapi.dll
0x00007ffae5970000 - 0x00007ffae5994000 	C:\windows\SYSTEM32\profapi.dll
0x00007ffa74300000 - 0x00007ffa743d7000 	C:\Program Files\Java\jdk-21\bin\jsvml.dll
0x00007ffaae500000 - 0x00007ffaae518000 	C:\Program Files\Java\jdk-21\bin\zip.dll
0x00007ffaae540000 - 0x00007ffaae550000 	C:\Program Files\Java\jdk-21\bin\net.dll
0x00007ffadff40000 - 0x00007ffae004a000 	C:\windows\SYSTEM32\WINHTTP.dll
0x00007ffae5180000 - 0x00007ffae51ea000 	C:\windows\system32\mswsock.dll
0x00007ffaae520000 - 0x00007ffaae536000 	C:\Program Files\Java\jdk-21\bin\nio.dll
0x00007ffaae390000 - 0x00007ffaae399000 	C:\Program Files\Java\jdk-21\bin\extnet.dll
0x00007ffaae250000 - 0x00007ffaae260000 	C:\Program Files\Java\jdk-21\bin\verify.dll
0x00007ffa9aa50000 - 0x00007ffa9aacb000 	C:\Users\jared\AppData\Local\Temp\lwjgl_jared\3.3.3+5\x64\lwjgl.dll
0x00007ffa58f90000 - 0x00007ffa59012000 	C:\Users\jared\AppData\Local\Temp\lwjgl_jared\3.3.3+5\x64\glfw.dll
0x00007ffaae3c0000 - 0x00007ffaae405000 	C:\windows\SYSTEM32\dinput8.dll
0x00007ffaa7db0000 - 0x00007ffaa7dc1000 	C:\windows\SYSTEM32\xinput1_4.dll
0x00007ffae61e0000 - 0x00007ffae622e000 	C:\windows\System32\cfgmgr32.dll
0x00007ffae57d0000 - 0x00007ffae5803000 	C:\windows\SYSTEM32\DEVOBJ.dll
0x00007ffae33c0000 - 0x00007ffae33ee000 	C:\windows\SYSTEM32\dwmapi.dll
0x00007ffaa81b0000 - 0x00007ffaa8302000 	C:\windows\SYSTEM32\inputhost.dll
0x00007ffae1aa0000 - 0x00007ffae1bf7000 	C:\windows\SYSTEM32\wintypes.dll
0x00007ffae2640000 - 0x00007ffae2732000 	C:\windows\SYSTEM32\CoreMessaging.dll
0x00007ffae03c0000 - 0x00007ffae04b4000 	C:\windows\SYSTEM32\PROPSYS.dll
0x00007ffae22e0000 - 0x00007ffae263b000 	C:\windows\SYSTEM32\CoreUIComponents.dll
0x00007ffae4c90000 - 0x00007ffae4cc3000 	C:\windows\SYSTEM32\ntmarta.dll
0x00007ffae3210000 - 0x00007ffae32ae000 	C:\windows\system32\uxtheme.dll
0x00007ffae6570000 - 0x00007ffae6685000 	C:\windows\System32\MSCTF.dll
0x00007ffaa71b0000 - 0x00007ffaa72d8000 	C:\windows\SYSTEM32\opengl32.dll
0x00007ffab0000000 - 0x00007ffab002c000 	C:\windows\SYSTEM32\GLU32.dll
0x00007ffae7a80000 - 0x00007ffae7b29000 	C:\windows\System32\clbcatq.dll
0x00007ffa20630000 - 0x00007ffa22f83000 	C:\windows\System32\DriverStore\FileRepository\nvhdc.inf_amd64_28c1ca1ab551c546\nvoglv64.dll
0x00007ffae6ec0000 - 0x00007ffae7330000 	C:\windows\System32\SETUPAPI.dll
0x00007ffae6410000 - 0x00007ffae653b000 	C:\windows\System32\ole32.dll
0x00007ffae2e10000 - 0x00007ffae2e24000 	C:\windows\SYSTEM32\WTSAPI32.dll
0x00007ffae5600000 - 0x00007ffae5612000 	C:\windows\SYSTEM32\msasn1.dll
0x00007ffadeb90000 - 0x00007ffadebc1000 	C:\windows\SYSTEM32\cryptnet.dll
0x00007ffae5b00000 - 0x00007ffae5c5d000 	C:\windows\System32\CRYPT32.dll
0x00007ffae5340000 - 0x00007ffae534c000 	C:\windows\SYSTEM32\cryptbase.dll
0x00007ffade750000 - 0x00007ffade897000 	C:\windows\SYSTEM32\drvstore.dll
0x00007ffae6230000 - 0x00007ffae62a3000 	C:\windows\System32\WINTRUST.dll
0x00007ffae7e90000 - 0x00007ffae7ead000 	C:\windows\System32\imagehlp.dll
0x00007ffae5350000 - 0x00007ffae5368000 	C:\windows\SYSTEM32\CRYPTSP.dll
0x00007ffae4a40000 - 0x00007ffae4a78000 	C:\windows\system32\rsaenh.dll
0x00007ffacbc60000 - 0x00007ffacf9f4000 	C:\windows\System32\DriverStore\FileRepository\nvhdc.inf_amd64_28c1ca1ab551c546\nvgpucomp64.dll
0x00007ffadc4b0000 - 0x00007ffadc4eb000 	C:\windows\SYSTEM32\dxcore.dll
0x00007ffa745f0000 - 0x00007ffa748c1000 	C:\windows\system32\nvspcap64.dll
0x00007ffae46b0000 - 0x00007ffae4713000 	C:\windows\SYSTEM32\WINSTA.dll
0x00007ffaa8580000 - 0x00007ffaa8679000 	C:\windows\SYSTEM32\textinputframework.dll
0x00007ffaa5b10000 - 0x00007ffaa5b6e000 	C:\Users\jared\AppData\Local\Temp\lwjgl_jared\3.3.3+5\x64\lwjgl_opengl.dll

dbghelp: loaded successfully - version: 4.0.5 - missing functions: none
symbol engine: initialized successfully - sym options: 0x614 - pdb path: .;C:\Program Files\Java\jdk-21\bin;C:\windows\SYSTEM32;C:\Program Files\Avast Software\Avast;C:\windows\WinSxS\amd64_microsoft.windows.common-controls_6595b64144ccf1df_6.0.19041.6456_none_60b8a6cb71f64256;C:\Program Files\Java\jdk-21\bin\server;C:\Users\jared\AppData\Local\Temp\lwjgl_jared\3.3.3+5\x64;C:\windows\System32\DriverStore\FileRepository\nvhdc.inf_amd64_28c1ca1ab551c546

VM Arguments:
jvm_args: -javaagent:C:\Program Files\JetBrains\IntelliJ IDEA Community Edition 2024.3.1.1\lib\idea_rt.jar=59626 -Dfile.encoding=UTF-8 -Dsun.stdout.encoding=UTF-8 -Dsun.stderr.encoding=UTF-8 
java_command: main.Launcher
java_class_path (initial): C:\Users\jared\Desktop\Josiah\Private\RayVox\target\classes;C:\Users\jared\.m2\repository\org\lwjgl\lwjgl\3.3.3\lwjgl-3.3.3.jar;C:\Users\jared\.m2\repository\org\lwjgl\lwjgl\3.3.3\lwjgl-3.3.3-natives-windows.jar;C:\Users\jared\.m2\repository\org\lwjgl\lwjgl-opengl\3.3.3\lwjgl-opengl-3.3.3.jar;C:\Users\jared\.m2\repository\org\lwjgl\lwjgl-opengl\3.3.3\lwjgl-opengl-3.3.3-natives-windows.jar;C:\Users\jared\.m2\repository\org\lwjgl\lwjgl-glfw\3.3.3\lwjgl-glfw-3.3.3.jar;C:\Users\jared\.m2\repository\org\lwjgl\lwjgl-glfw\3.3.3\lwjgl-glfw-3.3.3-natives-windows.jar;C:\Users\jared\.m2\repository\org\joml\joml\1.10.5\joml-1.10.5.jar;C:\Users\jared\.m2\repository\org\lwjgl\lwjgl-stb\3.3.3\lwjgl-stb-3.3.3.jar;C:\Users\jared\.m2\repository\org\lwjgl\lwjgl-stb\3.3.3\lwjgl-stb-3.3.3-natives-windows.jar
Launcher Type: SUN_STANDARD

[Global flags]
     intx CICompilerCount                          = 4                                         {product} {ergonomic}
     uint ConcGCThreads                            = 3                                         {product} {ergonomic}
     uint G1ConcRefinementThreads                  = 10                                        {product} {ergonomic}
   size_t G1HeapRegionSize                         = 1048576                                   {product} {ergonomic}
    uintx GCDrainStackTargetSize                   = 64                                        {product} {ergonomic}
   size_t InitialHeapSize                          = 132120576                                 {product} {ergonomic}
   size_t MarkStackSize                            = 4194304                                   {product} {ergonomic}
   size_t MaxHeapSize                              = 2111832064                                {product} {ergonomic}
   size_t MaxNewSize                               = 1266679808                                {product} {ergonomic}
   size_t MinHeapDeltaBytes                        = 1048576                                   {product} {ergonomic}
   size_t MinHeapSize                              = 8388608                                   {product} {ergonomic}
    uintx NonNMethodCodeHeapSize                   = 5839372                                {pd product} {ergonomic}
    uintx NonProfiledCodeHeapSize                  = 122909434                              {pd product} {ergonomic}
    uintx ProfiledCodeHeapSize                     = 122909434                              {pd product} {ergonomic}
    uintx ReservedCodeCacheSize                    = 251658240                              {pd product} {ergonomic}
     bool SegmentedCodeCache                       = true                                      {product} {ergonomic}
   size_t SoftMaxHeapSize                          = 2111832064                             {manageable} {ergonomic}
     bool UseCompressedOops                        = true                           {product lp64_product} {ergonomic}
     bool UseG1GC                                  = true                                      {product} {ergonomic}
     bool UseLargePagesIndividualAllocation        = false                                  {pd product} {ergonomic}

Logging:
Log output configuration:
 #0: stdout all=warning uptime,level,tags foldmultilines=false
 #1: stderr all=off uptime,level,tags foldmultilines=false

Environment Variables:
JAVA_HOME=C:\Program Files\Java\jdk-21
PATH=C:\Program Files\Common Files\Oracle\Java\javapath;C:\windows\system32;C:\windows;C:\windows\System32\Wbem;C:\windows\System32\WindowsPowerShell\v1.0\;C:\windows\System32\OpenSSH\;C:\Program Files\dotnet\;C:\Program Files (x86)\NVIDIA Corporation\PhysX\Common;C:\Program Files\NVIDIA Corporation\NVIDIA NvDLISR;C:\Program Files\Java\jdk-21\bin;C:\Program Files\nodejs\;C:\Program Files\PuTTY\;C:\Program Files\Git\cmd;C:\Users\jared\.cargo\bin;C:\Users\jared\AppData\Local\Microsoft\WindowsApps;C:\Program Files\JetBrains\IntelliJ IDEA 2024.3\bin;;C:\Users\jared\AppData\Roaming\npm;C:\Program Files\Apache\Maven\apache-maven-3.9.11\bin;C:\Users\jared\AppData\Local\Programs\Microsoft VS Code\bin;C:\Users\jared\.dotnet\tools;C:\Users\jared\AppData\Local\Pandoc\
USERNAME=jared
OS=Windows_NT
PROCESSOR_IDENTIFIER=Intel64 Family 6 Model 165 Stepping 3, GenuineIntel
TMP=C:\Users\jared\AppData\Local\Temp
TEMP=C:\Users\jared\AppData\Local\Temp




Periodic native trim disabled

---------------  S Y S T E M  ---------------

OS:
 Windows 10 , 64 bit Build 19041 (10.0.19041.5915)
OS uptime: 0 days 3:32 hours
Hyper-V role detected

CPU: total 12 (initial active 12) (6 cores per cpu, 2 threads per core) family 6 model 165 stepping 3 microcode 0xea, cx8, cmov, fxsr, ht, mmx, 3dnowpref, sse, sse2, sse3, ssse3, sse4.1, sse4.2, popcnt, lzcnt, tsc, tscinvbit, avx, avx2, aes, erms, clmul, bmi1, bmi2, adx, fma, vzeroupper, clflush, clflushopt, hv, rdtscp, f16c
Processor Information for all 12 processors :
  Max Mhz: 2904, Current Mhz: 2904, Mhz Limit: 2904

Memory: 4k page, system-wide physical 8054M (888M free)
TotalPageFile size 18482M (AvailPageFile size 2720M)
current process WorkingSet (physical memory assigned to process): 101M, peak: 101M
current process commit charge ("private bytes"): 315M, peak: 315M

vm_info: Java HotSpot(TM) 64-Bit Server VM (21.0.5+9-LTS-239) for windows-amd64 JRE (21.0.5+9-LTS-239), built on 2024-09-30T05:17:38Z by "mach5one" with MS VC++ 17.6 (VS2022)

END.
